E:\JACORY\CODE\GITHUB\GR\DEBUG\GRMATH.DLL
E:\Jacory\Code\Github\GR\Debug\GRMath.exp
E:\JACORY\CODE\GITHUB\GR\DEBUG\GRMATH.ILK
E:\Jacory\Code\Github\GR\Debug\GRMath.lib
E:\JACORY\CODE\GITHUB\GR\DEBUG\GRMATH.PDB
E:\Jacory\Code\Github\GR\GRMath\Debug\cl.command.1.tlog
E:\Jacory\Code\Github\GR\GRMath\Debug\CL.read.1.tlog
E:\Jacory\Code\Github\GR\GRMath\Debug\CL.write.1.tlog
E:\JACORY\CODE\GITHUB\GR\GRMATH\DEBUG\GRMATH.DLL.INTERMEDIATE.MANIFEST
E:\Jacory\Code\Github\GR\GRMath\Debug\GRMath.write.1.tlog
E:\JACORY\CODE\GITHUB\GR\GRMATH\DEBUG\GRMATHEXCEPTION.OBJ
E:\JACORY\CODE\GITHUB\GR\GRMATH\DEBUG\GRMATRICEEXCEPTION.OBJ
E:\JACORY\CODE\GITHUB\GR\GRMATH\DEBUG\GRMATRICES.OBJ
E:\Jacory\Code\Github\GR\GRMath\Debug\link.command.1.tlog
E:\Jacory\Code\Github\GR\GRMath\Debug\link.read.1.tlog
E:\Jacory\Code\Github\GR\GRMath\Debug\link.write.1.tlog
E:\Jacory\Code\Github\GR\GRMath\Debug\mt.command.1.tlog
E:\Jacory\Code\Github\GR\GRMath\Debug\mt.read.1.tlog
E:\Jacory\Code\Github\GR\GRMath\Debug\mt.write.1.tlog
E:\Jacory\Code\Github\GR\GRMath\Debug\vc100.idb
E:\JACORY\CODE\GITHUB\GR\GRMATH\DEBUG\VC100.PDB
