生成启动时间为 2015/6/1 16:14:38。
     1>项目“E:\Jacory\Code\Github\GR\GRMath\GRMath.vcxproj”在节点 2 上(build 个目标)。
     1>InitializeBuildStatus:
         正在创建“Debug\GRMath.unsuccessfulbuild”，因为已指定“AlwaysCreate”。
       ClCompile:
         所有输出均为最新。
       Link:
         d:\Program Files\Microsoft Visual Studio 10.0\VC\bin\link.exe /ERRORREPORT:PROMPT /OUT:"E:\Jacory\Code\Github\GR\Debug\GRMath.exe" /NOLOGO /LIBPATH:E:\Jacory\Code\Github\GR\dependences\lib /LIBPATH:E:\Jacory\Code\Github\GR\Debug gdal_i.lib GRCommons.lib kernel32.lib user32.lib gdi32.lib winspool.lib comdlg32.lib advapi32.lib shell32.lib ole32.lib oleaut32.lib uuid.lib odbc32.lib odbccp32.lib /MANIFEST /ManifestFile:"Debug\GRMath.exe.intermediate.manifest" /MANIFESTUAC:"level='asInvoker' uiAccess='false'" /DEBUG /PDB:"E:\Jacory\Code\Github\GR\Debug\GRMath.pdb" /TLBID:1 /DYNAMICBASE /NXCOMPAT /IMPLIB:"E:\Jacory\Code\Github\GR\Debug\GRMath.lib" /MACHINE:X86 Debug\GRMathException.obj
         Debug\GRMatriceException.obj
         Debug\GRMatrices.obj
         Debug\testmain.obj
            正在创建库 E:\Jacory\Code\Github\GR\Debug\GRMath.lib 和对象 E:\Jacory\Code\Github\GR\Debug\GRMath.exp
         GRMath.vcxproj -> E:\Jacory\Code\Github\GR\Debug\GRMath.exe
       Manifest:
         C:\Program Files\Microsoft SDKs\Windows\v7.0A\bin\mt.exe /nologo /verbose /outputresource:"E:\Jacory\Code\Github\GR\Debug\GRMath.exe;#1" /manifest Debug\GRMath.exe.intermediate.manifest
       FinalizeBuildStatus:
         正在删除文件“Debug\GRMath.unsuccessfulbuild”。
         正在对“Debug\GRMath.lastbuildstate”执行 Touch 任务。
     1>已完成生成项目“E:\Jacory\Code\Github\GR\GRMath\GRMath.vcxproj”(build 个目标)的操作。

生成成功。

已用时间 00:00:00.53
