E:\JACORY\CODE\GITHUB\GR\DEBUG\GRCLASSIFY.DLL
E:\Jacory\Code\Github\GR\Debug\GRClassify.exp
E:\JACORY\CODE\GITHUB\GR\DEBUG\GRCLASSIFY.ILK
E:\Jacory\Code\Github\GR\Debug\GRClassify.lib
E:\JACORY\CODE\GITHUB\GR\DEBUG\GRCLASSIFY.PDB
E:\Jacory\Code\Github\GR\GRClassify\Debug\cl.command.1.tlog
E:\Jacory\Code\Github\GR\GRClassify\Debug\CL.read.1.tlog
E:\Jacory\Code\Github\GR\GRClassify\Debug\CL.write.1.tlog
E:\JACORY\CODE\GITHUB\GR\GRCLASSIFY\DEBUG\GRCLASSIFY.DLL.INTERMEDIATE.MANIFEST
E:\Jacory\Code\Github\GR\GRClassify\Debug\GRClassify.write.1.tlog
E:\JACORY\CODE\GITHUB\GR\GRCLASSIFY\DEBUG\GRSVMCLASSIFIER.OBJ
E:\Jacory\Code\Github\GR\GRClassify\Debug\link.command.1.tlog
E:\Jacory\Code\Github\GR\GRClassify\Debug\link.read.1.tlog
E:\Jacory\Code\Github\GR\GRClassify\Debug\link.write.1.tlog
E:\Jacory\Code\Github\GR\GRClassify\Debug\mt.command.1.tlog
E:\Jacory\Code\Github\GR\GRClassify\Debug\mt.read.1.tlog
E:\Jacory\Code\Github\GR\GRClassify\Debug\mt.write.1.tlog
E:\JACORY\CODE\GITHUB\GR\GRCLASSIFY\DEBUG\SVM.OBJ
E:\Jacory\Code\Github\GR\GRClassify\Debug\vc100.idb
E:\JACORY\CODE\GITHUB\GR\GRCLASSIFY\DEBUG\VC100.PDB
