生成启动时间为 2015/4/26 14:58:34。
     1>项目“E:\Jacory\Code\Github\GR\GRCommons\GRCommons.vcxproj”在节点 2 上(rebuild 个目标)。
     1>_PrepareForClean:
         正在删除文件“Debug\GRCommons.lastbuildstate”。
       InitializeBuildStatus:
         正在创建“Debug\GRCommons.unsuccessfulbuild”，因为已指定“AlwaysCreate”。
       ClCompile:
         d:\Program Files\Microsoft Visual Studio 10.0\VC\bin\CL.exe /c /ZI /nologo /W3 /WX- /Od /Oy- /D _WINDLL /D _MBCS /Gm /EHsc /RTC1 /MDd /GS /fp:precise /Zc:wchar_t /Zc:forScope /Fo"Debug\\" /Fd"Debug\vc100.pdb" /Gd /TP /analyze- /errorReport:prompt GRException.cpp
         GRException.cpp
       Link:
         d:\Program Files\Microsoft Visual Studio 10.0\VC\bin\link.exe /ERRORREPORT:PROMPT /OUT:"E:\Jacory\Code\Github\GR\Debug\GRCommons.dll" /NOLOGO kernel32.lib user32.lib gdi32.lib winspool.lib comdlg32.lib advapi32.lib shell32.lib ole32.lib oleaut32.lib uuid.lib odbc32.lib odbccp32.lib /MANIFEST /ManifestFile:"Debug\GRCommons.dll.intermediate.manifest" /MANIFESTUAC:"level='asInvoker' uiAccess='false'" /DEBUG /PDB:"E:\Jacory\Code\Github\GR\Debug\GRCommons.pdb" /TLBID:1 /DYNAMICBASE /NXCOMPAT /IMPLIB:"E:\Jacory\Code\Github\GR\Debug\GRCommons.lib" /MACHINE:X86 /DLL Debug\GRException.obj
         GRCommons.vcxproj -> E:\Jacory\Code\Github\GR\Debug\GRCommons.dll
       Manifest:
         C:\Program Files\Microsoft SDKs\Windows\v7.0A\bin\mt.exe /nologo /verbose /outputresource:"E:\Jacory\Code\Github\GR\Debug\GRCommons.dll;#2" /manifest Debug\GRCommons.dll.intermediate.manifest
       FinalizeBuildStatus:
         正在删除文件“Debug\GRCommons.unsuccessfulbuild”。
         正在对“Debug\GRCommons.lastbuildstate”执行 Touch 任务。
     1>已完成生成项目“E:\Jacory\Code\Github\GR\GRCommons\GRCommons.vcxproj”(rebuild 个目标)的操作。

生成成功。

已用时间 00:00:01.00
