生成启动时间为 2015/5/8 22:43:18。
     1>项目“E:\Jacory\Code\Github\GR\Classification\Classification.vcxproj”在节点 4 上(rebuild 个目标)。
     1>_PrepareForClean:
         正在删除文件“Debug\Classification.lastbuildstate”。
       InitializeBuildStatus:
         正在创建“Debug\Classification.unsuccessfulbuild”，因为已指定“AlwaysCreate”。
       ClCompile:
         d:\Program Files\Microsoft Visual Studio 10.0\VC\bin\CL.exe /c /ZI /nologo /W3 /WX- /Od /Oy- /D _MBCS /Gm /EHsc /RTC1 /MDd /GS /fp:precise /Zc:wchar_t /Zc:forScope /Fo"Debug\\" /Fd"Debug\vc100.pdb" /Gd /TP /analyze- /errorReport:prompt svm.cpp SVMClassification.cpp
         SVMClassification.cpp
     1>e:\jacory\code\github\gr\classification\svmclassification.cpp(186): warning C4244: “=”: 从“double”转换到“float”，可能丢失数据
     1>e:\jacory\code\github\gr\classification\svmclassification.cpp(356): warning C4018: “<”: 有符号/无符号不匹配
         svm.cpp
     1>e:\jacory\code\github\gr\classification\svm.cpp(64): warning C4996: 'vsprintf': This function or variable may be unsafe. Consider using vsprintf_s instead. To disable deprecation, use _CRT_SECURE_NO_WARNINGS. See online help for details.
                 d:\program files\microsoft visual studio 10.0\vc\include\stdio.h(371) : 参见“vsprintf”的声明
     1>e:\jacory\code\github\gr\classification\svm.cpp(2651): warning C4996: 'fopen': This function or variable may be unsafe. Consider using fopen_s instead. To disable deprecation, use _CRT_SECURE_NO_WARNINGS. See online help for details.
                 d:\program files\microsoft visual studio 10.0\vc\include\stdio.h(234) : 参见“fopen”的声明
     1>e:\jacory\code\github\gr\classification\svm.cpp(2654): warning C4996: 'strdup': The POSIX name for this item is deprecated. Instead, use the ISO C++ conformant name: _strdup. See online help for details.
                 d:\program files\microsoft visual studio 10.0\vc\include\string.h(238) : 参见“strdup”的声明
     1>e:\jacory\code\github\gr\classification\svm.cpp(2766): warning C4996: 'fopen': This function or variable may be unsafe. Consider using fopen_s instead. To disable deprecation, use _CRT_SECURE_NO_WARNINGS. See online help for details.
                 d:\program files\microsoft visual studio 10.0\vc\include\stdio.h(234) : 参见“fopen”的声明
     1>e:\jacory\code\github\gr\classification\svm.cpp(2769): warning C4996: 'strdup': The POSIX name for this item is deprecated. Instead, use the ISO C++ conformant name: _strdup. See online help for details.
                 d:\program files\microsoft visual studio 10.0\vc\include\string.h(238) : 参见“strdup”的声明
     1>e:\jacory\code\github\gr\classification\svm.cpp(2785): warning C4996: 'fscanf': This function or variable may be unsafe. Consider using fscanf_s instead. To disable deprecation, use _CRT_SECURE_NO_WARNINGS. See online help for details.
                 d:\program files\microsoft visual studio 10.0\vc\include\stdio.h(253) : 参见“fscanf”的声明
     1>e:\jacory\code\github\gr\classification\svm.cpp(2789): warning C4996: 'fscanf': This function or variable may be unsafe. Consider using fscanf_s instead. To disable deprecation, use _CRT_SECURE_NO_WARNINGS. See online help for details.
                 d:\program files\microsoft visual studio 10.0\vc\include\stdio.h(253) : 参见“fscanf”的声明
     1>e:\jacory\code\github\gr\classification\svm.cpp(2814): warning C4996: 'fscanf': This function or variable may be unsafe. Consider using fscanf_s instead. To disable deprecation, use _CRT_SECURE_NO_WARNINGS. See online help for details.
                 d:\program files\microsoft visual studio 10.0\vc\include\stdio.h(253) : 参见“fscanf”的声明
     1>e:\jacory\code\github\gr\classification\svm.cpp(2838): warning C4996: 'fscanf': This function or variable may be unsafe. Consider using fscanf_s instead. To disable deprecation, use _CRT_SECURE_NO_WARNINGS. See online help for details.
                 d:\program files\microsoft visual studio 10.0\vc\include\stdio.h(253) : 参见“fscanf”的声明
     1>e:\jacory\code\github\gr\classification\svm.cpp(2840): warning C4996: 'fscanf': This function or variable may be unsafe. Consider using fscanf_s instead. To disable deprecation, use _CRT_SECURE_NO_WARNINGS. See online help for details.
                 d:\program files\microsoft visual studio 10.0\vc\include\stdio.h(253) : 参见“fscanf”的声明
     1>e:\jacory\code\github\gr\classification\svm.cpp(2842): warning C4996: 'fscanf': This function or variable may be unsafe. Consider using fscanf_s instead. To disable deprecation, use _CRT_SECURE_NO_WARNINGS. See online help for details.
                 d:\program files\microsoft visual studio 10.0\vc\include\stdio.h(253) : 参见“fscanf”的声明
     1>e:\jacory\code\github\gr\classification\svm.cpp(2844): warning C4996: 'fscanf': This function or variable may be unsafe. Consider using fscanf_s instead. To disable deprecation, use _CRT_SECURE_NO_WARNINGS. See online help for details.
                 d:\program files\microsoft visual studio 10.0\vc\include\stdio.h(253) : 参见“fscanf”的声明
     1>e:\jacory\code\github\gr\classification\svm.cpp(2846): warning C4996: 'fscanf': This function or variable may be unsafe. Consider using fscanf_s instead. To disable deprecation, use _CRT_SECURE_NO_WARNINGS. See online help for details.
                 d:\program files\microsoft visual studio 10.0\vc\include\stdio.h(253) : 参见“fscanf”的声明
     1>e:\jacory\code\github\gr\classification\svm.cpp(2852): warning C4996: 'fscanf': This function or variable may be unsafe. Consider using fscanf_s instead. To disable deprecation, use _CRT_SECURE_NO_WARNINGS. See online help for details.
                 d:\program files\microsoft visual studio 10.0\vc\include\stdio.h(253) : 参见“fscanf”的声明
     1>e:\jacory\code\github\gr\classification\svm.cpp(2859): warning C4996: 'fscanf': This function or variable may be unsafe. Consider using fscanf_s instead. To disable deprecation, use _CRT_SECURE_NO_WARNINGS. See online help for details.
                 d:\program files\microsoft visual studio 10.0\vc\include\stdio.h(253) : 参见“fscanf”的声明
     1>e:\jacory\code\github\gr\classification\svm.cpp(2866): warning C4996: 'fscanf': This function or variable may be unsafe. Consider using fscanf_s instead. To disable deprecation, use _CRT_SECURE_NO_WARNINGS. See online help for details.
                 d:\program files\microsoft visual studio 10.0\vc\include\stdio.h(253) : 参见“fscanf”的声明
     1>e:\jacory\code\github\gr\classification\svm.cpp(2873): warning C4996: 'fscanf': This function or variable may be unsafe. Consider using fscanf_s instead. To disable deprecation, use _CRT_SECURE_NO_WARNINGS. See online help for details.
                 d:\program files\microsoft visual studio 10.0\vc\include\stdio.h(253) : 参见“fscanf”的声明
     1>e:\jacory\code\github\gr\classification\svm.cpp(2880): warning C4996: 'fscanf': This function or variable may be unsafe. Consider using fscanf_s instead. To disable deprecation, use _CRT_SECURE_NO_WARNINGS. See online help for details.
                 d:\program files\microsoft visual studio 10.0\vc\include\stdio.h(253) : 参见“fscanf”的声明
     1>e:\jacory\code\github\gr\classification\svm.cpp(2916): warning C4996: 'strtok': This function or variable may be unsafe. Consider using strtok_s instead. To disable deprecation, use _CRT_SECURE_NO_WARNINGS. See online help for details.
                 d:\program files\microsoft visual studio 10.0\vc\include\string.h(197) : 参见“strtok”的声明
     1>e:\jacory\code\github\gr\classification\svm.cpp(2919): warning C4996: 'strtok': This function or variable may be unsafe. Consider using strtok_s instead. To disable deprecation, use _CRT_SECURE_NO_WARNINGS. See online help for details.
                 d:\program files\microsoft visual studio 10.0\vc\include\string.h(197) : 参见“strtok”的声明
     1>e:\jacory\code\github\gr\classification\svm.cpp(2945): warning C4996: 'strtok': This function or variable may be unsafe. Consider using strtok_s instead. To disable deprecation, use _CRT_SECURE_NO_WARNINGS. See online help for details.
                 d:\program files\microsoft visual studio 10.0\vc\include\string.h(197) : 参见“strtok”的声明
     1>e:\jacory\code\github\gr\classification\svm.cpp(2949): warning C4996: 'strtok': This function or variable may be unsafe. Consider using strtok_s instead. To disable deprecation, use _CRT_SECURE_NO_WARNINGS. See online help for details.
                 d:\program files\microsoft visual studio 10.0\vc\include\string.h(197) : 参见“strtok”的声明
     1>e:\jacory\code\github\gr\classification\svm.cpp(2955): warning C4996: 'strtok': This function or variable may be unsafe. Consider using strtok_s instead. To disable deprecation, use _CRT_SECURE_NO_WARNINGS. See online help for details.
                 d:\program files\microsoft visual studio 10.0\vc\include\string.h(197) : 参见“strtok”的声明
     1>e:\jacory\code\github\gr\classification\svm.cpp(2956): warning C4996: 'strtok': This function or variable may be unsafe. Consider using strtok_s instead. To disable deprecation, use _CRT_SECURE_NO_WARNINGS. See online help for details.
                 d:\program files\microsoft visual studio 10.0\vc\include\string.h(197) : 参见“strtok”的声明
         正在生成代码...
       ResourceCompile:
         C:\Program Files\Microsoft SDKs\Windows\v7.0A\bin\rc.exe /l"0x0409" /nologo /fo"Debug\Classification.res" Classification.rc 
       Lib:
         d:\Program Files\Microsoft Visual Studio 10.0\VC\bin\Lib.exe /OUT:"E:\Jacory\Code\Github\GR\Debug\Classification.lib" /NOLOGO Debug\Classification.res
         Debug\svm.obj
         Debug\SVMClassification.obj
     1>LINK : warning LNK4068: 未指定 /MACHINE；默认设置为 X86
         Classification.vcxproj -> E:\Jacory\Code\Github\GR\Debug\Classification.lib
       FinalizeBuildStatus:
         正在删除文件“Debug\Classification.unsuccessfulbuild”。
         正在对“Debug\Classification.lastbuildstate”执行 Touch 任务。
     1>已完成生成项目“E:\Jacory\Code\Github\GR\Classification\Classification.vcxproj”(rebuild 个目标)的操作。

生成成功。

已用时间 00:00:02.46
