E:\Jacory\Code\Github\GR\Classification\Debug\cl.command.1.tlog
E:\Jacory\Code\Github\GR\Classification\Debug\CL.read.1.tlog
E:\Jacory\Code\Github\GR\Classification\Debug\CL.write.1.tlog
E:\JACORY\CODE\GITHUB\GR\CLASSIFICATION\DEBUG\CLASSIFICATION.RES
E:\Jacory\Code\Github\GR\Classification\Debug\Classification.write.1.tlog
E:\Jacory\Code\Github\GR\Classification\Debug\lib.command.1.tlog
E:\Jacory\Code\Github\GR\Classification\Debug\Lib-link.read.1.tlog
E:\Jacory\Code\Github\GR\Classification\Debug\Lib-link.write.1.tlog
E:\Jacory\Code\Github\GR\Classification\Debug\Lib-link-cvtres.read.1.tlog
E:\Jacory\Code\Github\GR\Classification\Debug\Lib-link-cvtres.write.1.tlog
E:\Jacory\Code\Github\GR\Classification\Debug\rc.command.1.tlog
E:\Jacory\Code\Github\GR\Classification\Debug\rc.read.1.tlog
E:\Jacory\Code\Github\GR\Classification\Debug\rc.write.1.tlog
E:\JACORY\CODE\GITHUB\GR\CLASSIFICATION\DEBUG\SVM.OBJ
E:\JACORY\CODE\GITHUB\GR\CLASSIFICATION\DEBUG\SVMCLASSIFICATION.OBJ
E:\Jacory\Code\Github\GR\Classification\Debug\vc100.idb
E:\JACORY\CODE\GITHUB\GR\CLASSIFICATION\DEBUG\VC100.PDB
E:\JACORY\CODE\GITHUB\GR\DEBUG\CLASSIFICATION.LIB
E:\JACORY\CODE\IMGTEST\CLASSIFICATION\DEBUG\SVM.OBJ
E:\JACORY\CODE\IMGTEST\CLASSIFICATION\DEBUG\SVMCLASSIFICATION.OBJ
E:\JACORY\CODE\IMGTEST\CLASSIFICATION\DEBUG\VC100.PDB
E:\JACORY\CODE\IMGTEST\DEBUG\CLASSIFICATION.LIB
