E:\Jacory\Code\Github\GR\GR\Debug\cl.command.1.tlog
E:\Jacory\Code\Github\GR\GR\Debug\CL.read.1.tlog
E:\Jacory\Code\Github\GR\GR\Debug\CL.write.1.tlog
E:\JACORY\CODE\GITHUB\GR\GR\DEBUG\CLASSIFICATIONCLIENT.OBJ
E:\Jacory\Code\Github\GR\GR\Debug\custombuild.command.1.tlog
E:\Jacory\Code\Github\GR\GR\Debug\custombuild.read.1.tlog
E:\Jacory\Code\Github\GR\GR\Debug\custombuild.write.1.tlog
E:\JACORY\CODE\GITHUB\GR\GR\DEBUG\DISTANCEALGORITHMCLIENT.OBJ
E:\JACORY\CODE\GITHUB\GR\GR\DEBUG\GEOCORRECTCLIENT.OBJ
E:\Jacory\Code\Github\GR\GR\Debug\GR.write.1.tlog
E:\JACORY\CODE\GITHUB\GR\GR\DEBUG\GRAPP.OBJ
E:\JACORY\CODE\GITHUB\GR\GR\DEBUG\GRAPPBASE.OBJ
E:\JACORY\CODE\GITHUB\GR\GR\DEBUG\GRCOORDINATETRANSFORM.OBJ
E:\JACORY\CODE\GITHUB\GR\GR\DEBUG\GRCUSTOMSYMBOL.OBJ
E:\JACORY\CODE\GITHUB\GR\GR\DEBUG\GRFEATURE.OBJ
E:\JACORY\CODE\GITHUB\GR\GR\DEBUG\GRIFACE.OBJ
E:\JACORY\CODE\GITHUB\GR\GR\DEBUG\GRLEGEND.OBJ
E:\JACORY\CODE\GITHUB\GR\GR\DEBUG\GRLINESYMBOL.OBJ
E:\JACORY\CODE\GITHUB\GR\GR\DEBUG\GRMAPCANVAS.OBJ
E:\JACORY\CODE\GITHUB\GR\GR\DEBUG\GRMAPLAYER.OBJ
E:\JACORY\CODE\GITHUB\GR\GR\DEBUG\GRMAPLAYERREGISTRY.OBJ
E:\JACORY\CODE\GITHUB\GR\GR\DEBUG\GRMARKERSYMBOL.OBJ
E:\JACORY\CODE\GITHUB\GR\GR\DEBUG\GRPOINT.OBJ
E:\JACORY\CODE\GITHUB\GR\GR\DEBUG\GRPOLYGONSYMBOL.OBJ
E:\JACORY\CODE\GITHUB\GR\GR\DEBUG\GRRECT.OBJ
E:\JACORY\CODE\GITHUB\GR\GR\DEBUG\GRRENDERCONTEXT.OBJ
E:\JACORY\CODE\GITHUB\GR\GR\DEBUG\GRRENDERER.OBJ
E:\JACORY\CODE\GITHUB\GR\GR\DEBUG\GRSCALECALCULATOR.OBJ
E:\JACORY\CODE\GITHUB\GR\GR\DEBUG\GRSHAPEFILELAYER.OBJ
E:\JACORY\CODE\GITHUB\GR\GR\DEBUG\GRSYMBOL.OBJ
E:\Jacory\Code\Github\GR\GR\Debug\link.command.1.tlog
E:\Jacory\Code\Github\GR\GR\Debug\link.read.1.tlog
E:\Jacory\Code\Github\GR\GR\Debug\link.write.1.tlog
E:\JACORY\CODE\GITHUB\GR\GR\DEBUG\MAIN.OBJ
E:\JACORY\CODE\GITHUB\GR\GR\DEBUG\MAPCANVAS.OBJ
E:\JACORY\CODE\GITHUB\GR\GR\DEBUG\MOC_DISTANCEALGORITHMCLIENT.OBJ
E:\JACORY\CODE\GITHUB\GR\GR\DEBUG\MOC_GEOCORRECTCLIENT.OBJ
E:\JACORY\CODE\GITHUB\GR\GR\DEBUG\MOC_GRAPP.OBJ
E:\JACORY\CODE\GITHUB\GR\GR\DEBUG\MOC_GRINTERFACE.OBJ
E:\JACORY\CODE\GITHUB\GR\GR\DEBUG\MOC_GRLEGEND.OBJ
E:\JACORY\CODE\GITHUB\GR\GR\DEBUG\MOC_GRMAPCANVAS.OBJ
E:\JACORY\CODE\GITHUB\GR\GR\DEBUG\MOC_GRMAPLAYER.OBJ
E:\JACORY\CODE\GITHUB\GR\GR\DEBUG\MOC_GRMAPLAYERREGISTRY.OBJ
E:\JACORY\CODE\GITHUB\GR\GR\DEBUG\MOC_GRRENDERER.OBJ
E:\JACORY\CODE\GITHUB\GR\GR\DEBUG\MOC_GRSHAPEFILELAYER.OBJ
E:\JACORY\CODE\GITHUB\GR\GR\DEBUG\MOC_MAPCANVAS.OBJ
E:\JACORY\CODE\GITHUB\GR\GR\DEBUG\MOC_MYPROGRESSBAR.OBJ
E:\JACORY\CODE\GITHUB\GR\GR\DEBUG\MOC_SVMCLASSSIFICATIONDIALOG.OBJ
E:\JACORY\CODE\GITHUB\GR\GR\DEBUG\MYPROGRESSBAR.OBJ
E:\JACORY\CODE\GITHUB\GR\GR\DEBUG\QRC_GR.OBJ
E:\JACORY\CODE\GITHUB\GR\GR\DEBUG\SVMCLASSSIFICATIONDIALOG.OBJ
E:\JACORY\CODE\GITHUB\GR\GR\DEBUG\VC100.PDB
E:\JACORY\CODE\GITHUB\GR\GR\GENERATEDFILES\DEBUG\MOC_DISTANCEALGORITHMCLIENT.CPP
E:\JACORY\CODE\GITHUB\GR\GR\GENERATEDFILES\DEBUG\MOC_GEOCORRECTCLIENT.CPP
E:\JACORY\CODE\GITHUB\GR\GR\GENERATEDFILES\DEBUG\MOC_GRAPP.CPP
E:\JACORY\CODE\GITHUB\GR\GR\GENERATEDFILES\DEBUG\MOC_GRINTERFACE.CPP
E:\JACORY\CODE\GITHUB\GR\GR\GENERATEDFILES\DEBUG\MOC_GRLEGEND.CPP
E:\JACORY\CODE\GITHUB\GR\GR\GENERATEDFILES\DEBUG\MOC_GRMAPCANVAS.CPP
E:\JACORY\CODE\GITHUB\GR\GR\GENERATEDFILES\DEBUG\MOC_GRMAPLAYER.CPP
E:\JACORY\CODE\GITHUB\GR\GR\GENERATEDFILES\DEBUG\MOC_GRMAPLAYERREGISTRY.CPP
E:\JACORY\CODE\GITHUB\GR\GR\GENERATEDFILES\DEBUG\MOC_GRRENDERER.CPP
E:\JACORY\CODE\GITHUB\GR\GR\GENERATEDFILES\DEBUG\MOC_GRSHAPEFILELAYER.CPP
E:\JACORY\CODE\GITHUB\GR\GR\GENERATEDFILES\DEBUG\MOC_MAPCANVAS.CPP
E:\JACORY\CODE\GITHUB\GR\GR\GENERATEDFILES\DEBUG\MOC_MYPROGRESSBAR.CPP
E:\JACORY\CODE\GITHUB\GR\GR\GENERATEDFILES\DEBUG\MOC_SVMCLASSSIFICATIONDIALOG.CPP
E:\JACORY\CODE\GITHUB\GR\GR\GENERATEDFILES\QRC_GR.CPP
E:\JACORY\CODE\GITHUB\GR\GR\GENERATEDFILES\UI_GRABOUT.H
E:\JACORY\CODE\GITHUB\GR\GR\GENERATEDFILES\UI_GRAPPBASE.H
E:\JACORY\CODE\GITHUB\GR\GR\GENERATEDFILES\UI_GRATTRIBUTETABLEBASE.H
E:\JACORY\CODE\GITHUB\GR\GR\GENERATEDFILES\UI_GRIDENTIFYRESULTBASE.H
E:\JACORY\CODE\GITHUB\GR\GR\GENERATEDFILES\UI_GRLAYERPROPERTIESBASE.H
E:\JACORY\CODE\GITHUB\GR\GR\GENERATEDFILES\UI_GRLEGENDITEMBASE.H
E:\JACORY\CODE\GITHUB\GR\GR\GENERATEDFILES\UI_GRMESSAGEVIEWER.H
E:\JACORY\CODE\GITHUB\GR\GR\GENERATEDFILES\UI_GRNEWCONNECTIONBASE.H
E:\JACORY\CODE\GITHUB\GR\GR\GENERATEDFILES\UI_GRPLUGINMANAGERBASE.H
E:\JACORY\CODE\GITHUB\GR\GR\GENERATEDFILES\UI_MAPCANVAS.H
E:\JACORY\CODE\GITHUB\GR\GR\GENERATEDFILES\UI_PROGRESSDIALOG.H
E:\JACORY\CODE\GITHUB\GR\GR\GENERATEDFILES\UI_SVMPARADIALOG.H
