生成启动时间为 2015/6/6 星期六 0:47:42。
     1>项目“\\psf\Home\Documents\Git\GR\GR\GR.vcxproj”在节点 2 上(build 个目标)。
     1>InitializeBuildStatus:
         正在对“Debug\GR.unsuccessfulbuild”执行 Touch 任务。
       CustomBuild:
         '\\psf\Home\Documents\Git\GR\GR'
         用作为当前目录的以上路径启动了 CMD.EXE。
         UNC 路径不受支持。默认值设为 Windows 目录。
         Moc'ing GRMapCanvas.h...
         moc: Cannot create .\GeneratedFiles\Debug\moc_GRMapCanvas.cpp
         Moc'ing GRMapLayerRegistry.h...
         moc: Cannot create .\GeneratedFiles\Debug\moc_GRMapLayerRegistry.cpp
         Moc'ing GRRenderer.h...
         moc: Cannot create .\GeneratedFiles\Debug\moc_GRRenderer.cpp
         Moc'ing GRShapeFileLayer.h...
         moc: Cannot create .\GeneratedFiles\Debug\moc_GRShapeFileLayer.cpp
         Moc'ing GRApp.h...
         moc: Cannot create .\GeneratedFiles\Debug\moc_GRApp.cpp
         Moc'ing GRInterface.h...
         moc: Cannot create .\GeneratedFiles\Debug\moc_GRInterface.cpp
         Moc'ing GRLegend.h...
         moc: Cannot create .\GeneratedFiles\Debug\moc_GRLegend.cpp
         Moc'ing GRMapLayer.h...
         moc: Cannot create .\GeneratedFiles\Debug\moc_GRMapLayer.cpp
         Moc'ing GeocorrectClient.h...
         moc: Cannot create .\GeneratedFiles\Debug\moc_GeocorrectClient.cpp
         Moc'ing MyProgressBar.h...
         moc: Cannot create .\GeneratedFiles\Debug\moc_MyProgressBar.cpp
         Moc'ing SvmClasssificationDialog.h...
         moc: Cannot create .\GeneratedFiles\Debug\moc_SvmClasssificationDialog.cpp
         Moc'ing DistanceAlgorithmClient.h...
         moc: Cannot create .\GeneratedFiles\Debug\moc_DistanceAlgorithmClient.cpp
         Moc'ing MapCanvas.h...
         moc: Cannot create .\GeneratedFiles\Debug\moc_MapCanvas.cpp
         Uic'ing svmParaDialog.ui...
         Could not create output file
         Uic'ing ProgressDialog.ui...
         Could not create output file
         Uic'ing GRAppBase.ui...
         Could not create output file
         Uic'ing GRAbout.ui...
         Could not create output file
         Uic'ing GRAttributeTableBase.ui...
         Could not create output file
         Uic'ing GRIdentifyResultBase.ui...
         Could not create output file
         Uic'ing GRLayerPropertiesBase.ui...
         Could not create output file
         Uic'ing GRLegendItemBase.ui...
         Could not create output file
         Uic'ing GRMessageViewer.ui...
         Could not create output file
         Uic'ing GRNewConnectionBase.ui...
         Could not create output file
         Uic'ing GRPluginManagerBase.ui...
         Could not create output file
         Uic'ing MapCanvas.ui...
         Could not create output file
         Rcc'ing ..\Resources\GR.qrc...
         Unable to open .\GeneratedFiles\qrc_GR.cpp for writing: 绯荤粺鎵句笉鍒版寚瀹氱殑璺緞銆?
     1>C:\Program Files\MSBuild\Microsoft.Cpp\v4.0\Microsoft.CppCommon.targets(151,5): error MSB6006: “cmd.exe”已退出，代码为 1。
     1>已完成生成项目“\\psf\Home\Documents\Git\GR\GR\GR.vcxproj”(build 个目标)的操作 - 失败。

生成失败。

已用时间 00:00:02.87
