生成启动时间为 2015/6/1 16:20:06。
     1>项目“E:\Jacory\Code\Github\GR\GRUtils\GRUtils.vcxproj”在节点 2 上(build 个目标)。
     1>InitializeBuildStatus:
         正在对“Debug\GRUtils.unsuccessfulbuild”执行 Touch 任务。
       ClCompile:
         d:\Program Files\Microsoft Visual Studio 10.0\VC\bin\CL.exe /c /IE:\Jacory\Code\Github\GR\GRCommons /IE:\Jacory\Code\Github\GR\GRMath /ZI /nologo /W3 /WX- /Od /Oy- /D _MBCS /Gm /EHsc /RTC1 /MDd /GS /fp:precise /Zc:wchar_t /Zc:forScope /Fo"Debug\\" /Fd"Debug\vc100.pdb" /Gd /TP /analyze- /errorReport:prompt ..\test\testmain.cpp GREnviAsciiRoi.cpp
         testmain.cpp
     1>e:\jacory\code\github\gr\grmath\grmatrices.h(32): warning C4290: 忽略 C++ 异常规范，但指示函数不是 __declspec(nothrow)
     1>e:\jacory\code\github\gr\grmath\grmatrices.h(33): warning C4290: 忽略 C++ 异常规范，但指示函数不是 __declspec(nothrow)
     1>e:\jacory\code\github\gr\grmath\grmatrices.h(35): warning C4290: 忽略 C++ 异常规范，但指示函数不是 __declspec(nothrow)
     1>e:\jacory\code\github\gr\grmath\grmatrices.h(39): warning C4290: 忽略 C++ 异常规范，但指示函数不是 __declspec(nothrow)
     1>e:\jacory\code\github\gr\grmath\grmatrices.h(41): warning C4290: 忽略 C++ 异常规范，但指示函数不是 __declspec(nothrow)
     1>e:\jacory\code\github\gr\grmath\grmatrices.h(42): warning C4290: 忽略 C++ 异常规范，但指示函数不是 __declspec(nothrow)
     1>e:\jacory\code\github\gr\grmath\grmatrices.h(43): warning C4290: 忽略 C++ 异常规范，但指示函数不是 __declspec(nothrow)
     1>e:\jacory\code\github\gr\grmath\grmatrices.h(48): warning C4290: 忽略 C++ 异常规范，但指示函数不是 __declspec(nothrow)
     1>e:\jacory\code\github\gr\grmath\grmatrices.h(49): warning C4290: 忽略 C++ 异常规范，但指示函数不是 __declspec(nothrow)
     1>e:\jacory\code\github\gr\grmath\grmatrices.h(50): warning C4290: 忽略 C++ 异常规范，但指示函数不是 __declspec(nothrow)
     1>e:\jacory\code\github\gr\grmath\grmatrices.h(53): warning C4290: 忽略 C++ 异常规范，但指示函数不是 __declspec(nothrow)
     1>e:\jacory\code\github\gr\grmath\grmatrices.h(54): warning C4290: 忽略 C++ 异常规范，但指示函数不是 __declspec(nothrow)
     1>e:\jacory\code\github\gr\grmath\grmatrices.h(55): warning C4290: 忽略 C++ 异常规范，但指示函数不是 __declspec(nothrow)
     1>e:\jacory\code\github\gr\grmath\grmatrices.h(56): warning C4290: 忽略 C++ 异常规范，但指示函数不是 __declspec(nothrow)
     1>e:\jacory\code\github\gr\grmath\grmatrices.h(57): warning C4290: 忽略 C++ 异常规范，但指示函数不是 __declspec(nothrow)
     1>e:\jacory\code\github\gr\grmath\grmatrices.h(59): warning C4290: 忽略 C++ 异常规范，但指示函数不是 __declspec(nothrow)
     1>e:\jacory\code\github\gr\grmath\grmatrices.h(62): warning C4290: 忽略 C++ 异常规范，但指示函数不是 __declspec(nothrow)
     1>e:\jacory\code\github\gr\grmath\grmatrices.h(63): warning C4290: 忽略 C++ 异常规范，但指示函数不是 __declspec(nothrow)
     1>e:\jacory\code\github\gr\grmath\grmatrices.h(64): warning C4290: 忽略 C++ 异常规范，但指示函数不是 __declspec(nothrow)
     1>e:\jacory\code\github\gr\grmath\grmatrices.h(65): warning C4290: 忽略 C++ 异常规范，但指示函数不是 __declspec(nothrow)
     1>e:\jacory\code\github\gr\grmath\grmatrices.h(66): warning C4290: 忽略 C++ 异常规范，但指示函数不是 __declspec(nothrow)
     1>e:\jacory\code\github\gr\grmath\grmatrices.h(68): warning C4290: 忽略 C++ 异常规范，但指示函数不是 __declspec(nothrow)
     1>e:\jacory\code\github\gr\grutils\grenviasciiroi.h(25): warning C4290: 忽略 C++ 异常规范，但指示函数不是 __declspec(nothrow)
     1>e:\jacory\code\github\gr\grutils\grenviasciiroi.h(32): warning C4290: 忽略 C++ 异常规范，但指示函数不是 __declspec(nothrow)
     1>e:\jacory\code\github\gr\grutils\grenviasciiroi.h(36): warning C4290: 忽略 C++ 异常规范，但指示函数不是 __declspec(nothrow)
     1>e:\jacory\code\github\gr\grutils\grenviasciiroi.h(38): warning C4290: 忽略 C++ 异常规范，但指示函数不是 __declspec(nothrow)
     1>e:\jacory\code\github\gr\grutils\grenviasciiroi.h(40): warning C4290: 忽略 C++ 异常规范，但指示函数不是 __declspec(nothrow)
     1>e:\jacory\code\github\gr\grutils\grenviasciiroi.h(42): warning C4290: 忽略 C++ 异常规范，但指示函数不是 __declspec(nothrow)
         正在生成代码...
         正在跳过...(未检测到相关更改)
         GREnviAsciiRoi.cpp
       Link:
         d:\Program Files\Microsoft Visual Studio 10.0\VC\bin\link.exe /ERRORREPORT:PROMPT /OUT:"E:\Jacory\Code\Github\GR\Debug\GRUtils.exe" /NOLOGO kernel32.lib user32.lib gdi32.lib winspool.lib comdlg32.lib advapi32.lib shell32.lib ole32.lib oleaut32.lib uuid.lib odbc32.lib odbccp32.lib /MANIFEST /ManifestFile:"Debug\GRUtils.exe.intermediate.manifest" /MANIFESTUAC:"level='asInvoker' uiAccess='false'" /DEBUG /PDB:"E:\Jacory\Code\Github\GR\Debug\GRUtils.pdb" /TLBID:1 /DYNAMICBASE /NXCOMPAT /IMPLIB:"E:\Jacory\Code\Github\GR\Debug\GRUtils.lib" /MACHINE:X86 Debug\testmain.obj
         Debug\GREnviAsciiRoi.obj
         Debug\GREnviRoiException.obj
         Debug\GRTextException.obj
         Debug\GRTextUtils.obj
         E:\Jacory\Code\Github\GR\Debug\GRCommons.lib
     1>GREnviAsciiRoi.obj : error LNK2019: 无法解析的外部符号 "public: __thiscall GR::math::GRMatrices::~GRMatrices(void)" (??1GRMatrices@math@GR@@QAE@XZ)，该符号在函数 "private: void __thiscall GR::utils::GREnviAsciiRoi::parsefile(void)" (?parsefile@GREnviAsciiRoi@utils@GR@@AAEXXZ) 中被引用
     1>GREnviAsciiRoi.obj : error LNK2019: 无法解析的外部符号 "public: struct GR::math::Matrix * __thiscall GR::math::GRMatrices::createMatrix(int,int)" (?createMatrix@GRMatrices@math@GR@@QAEPAUMatrix@23@HH@Z)，该符号在函数 "private: void __thiscall GR::utils::GREnviAsciiRoi::parsefile(void)" (?parsefile@GREnviAsciiRoi@utils@GR@@AAEXXZ) 中被引用
     1>GREnviAsciiRoi.obj : error LNK2019: 无法解析的外部符号 "public: __thiscall GR::math::GRMatrices::GRMatrices(void)" (??0GRMatrices@math@GR@@QAE@XZ)，该符号在函数 "private: void __thiscall GR::utils::GREnviAsciiRoi::parsefile(void)" (?parsefile@GREnviAsciiRoi@utils@GR@@AAEXXZ) 中被引用
     1>E:\Jacory\Code\Github\GR\Debug\GRUtils.exe : fatal error LNK1120: 3 个无法解析的外部命令
     1>已完成生成项目“E:\Jacory\Code\Github\GR\GRUtils\GRUtils.vcxproj”(build 个目标)的操作 - 失败。

生成失败。

已用时间 00:00:00.88
