E:\JACORY\CODE\GITHUB\GR\DEBUG\GRUTILS.DLL
E:\Jacory\Code\Github\GR\Debug\GRUtils.exp
E:\JACORY\CODE\GITHUB\GR\DEBUG\GRUTILS.ILK
E:\Jacory\Code\Github\GR\Debug\GRUtils.lib
E:\JACORY\CODE\GITHUB\GR\DEBUG\GRUTILS.PDB
E:\Jacory\Code\Github\GR\GRUtils\Debug\cl.command.1.tlog
E:\Jacory\Code\Github\GR\GRUtils\Debug\CL.read.1.tlog
E:\Jacory\Code\Github\GR\GRUtils\Debug\CL.write.1.tlog
E:\JACORY\CODE\GITHUB\GR\GRUTILS\DEBUG\GRENVIASCIIROI.OBJ
E:\JACORY\CODE\GITHUB\GR\GRUTILS\DEBUG\GRENVIROIEXCEPTION.OBJ
E:\JACORY\CODE\GITHUB\GR\GRUTILS\DEBUG\GRTEXTEXCEPTION.OBJ
E:\JACORY\CODE\GITHUB\GR\GRUTILS\DEBUG\GRTEXTUTILS.OBJ
E:\JACORY\CODE\GITHUB\GR\GRUTILS\DEBUG\GRUTILS.DLL.INTERMEDIATE.MANIFEST
E:\Jacory\Code\Github\GR\GRUtils\Debug\GRUtils.write.1.tlog
E:\Jacory\Code\Github\GR\GRUtils\Debug\link.command.1.tlog
E:\Jacory\Code\Github\GR\GRUtils\Debug\link.read.1.tlog
E:\Jacory\Code\Github\GR\GRUtils\Debug\link.write.1.tlog
E:\Jacory\Code\Github\GR\GRUtils\Debug\mt.command.1.tlog
E:\Jacory\Code\Github\GR\GRUtils\Debug\mt.read.1.tlog
E:\Jacory\Code\Github\GR\GRUtils\Debug\mt.write.1.tlog
E:\Jacory\Code\Github\GR\GRUtils\Debug\vc100.idb
E:\JACORY\CODE\GITHUB\GR\GRUTILS\DEBUG\VC100.PDB
