生成启动时间为 2014/7/18 20:55:00。
     1>项目“E:\Jacory\Code\ImgTest\DistanceCalculate\DistanceCalculate.vcxproj”在节点 2 上(build 个目标)。
     1>InitializeBuildStatus:
         正在创建“Debug\DistanceCalculate.unsuccessfulbuild”，因为已指定“AlwaysCreate”。
       ClCompile:
         d:\Program Files\Microsoft Visual Studio 10.0\VC\bin\CL.exe /c /ZI /nologo /W3 /WX- /Od /Oy- /D _MBCS /Gm /EHsc /RTC1 /MDd /GS /fp:precise /Zc:wchar_t /Zc:forScope /Fo"Debug\\" /Fd"Debug\vc100.pdb" /Gd /TP /analyze- /errorReport:prompt EuclideanDisntance.cpp
         EuclideanDisntance.cpp
     1>e:\jacory\code\imgtest\distancecalculate\euclideandisntance.cpp(25): warning C4018: “<”: 有符号/无符号不匹配
     1>e:\jacory\code\imgtest\distancecalculate\euclideandisntance.cpp(27): warning C4244: “+=”: 从“double”转换到“float”，可能丢失数据
       Lib:
         d:\Program Files\Microsoft Visual Studio 10.0\VC\bin\Lib.exe /OUT:"E:\Jacory\Code\ImgTest\Debug\DistanceCalculate.lib" /NOLOGO Debug\EuclideanDisntance.obj
         Debug\FrechetDistance.obj
         Debug\SpectralCurve.obj
         DistanceCalculate.vcxproj -> E:\Jacory\Code\ImgTest\Debug\DistanceCalculate.lib
       FinalizeBuildStatus:
         正在删除文件“Debug\DistanceCalculate.unsuccessfulbuild”。
         正在对“Debug\DistanceCalculate.lastbuildstate”执行 Touch 任务。
     1>已完成生成项目“E:\Jacory\Code\ImgTest\DistanceCalculate\DistanceCalculate.vcxproj”(build 个目标)的操作。

生成成功。

已用时间 00:00:01.67
